[INFO] - running mode command
[INFO] - Log only mode set to false
[INFO] - Required Change - hostC - Current state: idle - Desired state: build
[INFO] - Required Change - hostB - Current state: idle - Desired state: build
[INFO] - API Responses:
[{"href":"/orgs/1/workloads/d1e6266c-0b07-4b6e-b68f-c3f2386bdf08","status":"updated"},{"href":"/orgs/1/workloads/721d1621-31a6-40a0-a0cb-1e4b1c051210","status":"updated"}]
[INFO] - running compatability command.
[INFO] - running compatability command.
[INFO] - running compatability command.
[INFO] - running compatibility command.
[INFO] - running compatibility command.
INFO - hostparser - log only mode set to false 
INFO - hostparser - Illumio and Log Settings NoPCE:false {LogOnly:false LogDirectory: LogFile:workloader-hostname-log-20190709_110729.csv verbose:true}
DEBUG - hostparser - open parser file - cmd/hostname/test-files/parser-table.csv
DEBUG - Get All Labels API HTTP Request: GET https://jds-aws.poc.segmentationpov.com:8443/api/v2/orgs/1/labels 
DEBUG - Get All Labels API HTTP Reqest Header: map[Content-Type:[application/json] Authorization:[Basic YXBpXzEzZjgyYmU5N2VkMjU3ZDgwOmRmYTNmYWZjNTJiMTY1ZDE3YTZjM2M4OWM1MjczOThmNzUzNzg3YTEwZGNhZDgzOWExYjliOTE0YzJjNWMwZmE=]] 
DEBUG - Get All Labels API Response Status Code: 200 
DEBUG - Get All Labels API Response Body: 
 [{"href":"/orgs/1/labels/463","key":"role","value":"NoLabel","created_at":"2019-06-18T20:48:29.217Z","updated_at":"2019-06-18T20:48:29.217Z","created_by":{"href":"/users/1"},"updated_by":{"href":"/users/1"}},{"href":"/orgs/1/labels/462","key":"loc","value":"NoLabel","created_at":"2019-06-18T20:48:05.487Z","updated_at":"2019-06-18T20:48:05.487Z","created_by":{"href":"/users/1"},"updated_by":{"href":"/users/1"}},{"href":"/orgs/1/labels/142","key":"app","value":"NoLabel","created_at":"2019-06-16T22:03:56.123Z","updated_at":"2019-06-16T22:03:56.123Z","created_by":{"href":"/users/1"},"updated_by":{"href":"/users/1"}},{"href":"/orgs/1/labels/140","key":"env","value":"NoLabel","created_at":"2019-06-16T22:03:44.708Z","updated_at":"2019-06-16T22:03:44.708Z","created_by":{"href":"/users/1"},"updated_by":{"href":"/users/1"}},{"href":"/orgs/1/labels/61","key":"app","value":"Client","created_at":"2018-12-06T08:51:09.486Z","updated_at":"2018-12-06T08:51:09.486Z","created_by":{"href":"/users/1"},"updated_by":{"href":"/users/1"}},{"href":"/orgs/1/labels/60","key":"loc","value":"Colo","created_at":"2018-12-05T15:10:14.369Z","updated_at":"2018-12-05T15:10:14.369Z","created_by":{"href":"/users/1"},"updated_by":{"href":"/users/1"}},{"href":"/orgs/1/labels/59","key":"role","value":"Win2012","created_at":"2018-12-03T15:19:27.987Z","updated_at":"2018-12-03T15:19:27.987Z","created_by":{"href":"/users/1"},"updated_by":{"href":"/users/1"}},{"href":"/orgs/1/labels/44","key":"role","value":"Win10","created_at":"2018-09-26T21:44:04.555Z","updated_at":"2018-09-26T21:44:04.555Z","created_by":{"href":"/users/1"},"updated_by":{"href":"/users/1"}},{"href":"/orgs/1/labels/43","key":"role","value":"Win7","created_at":"2018-09-26T21:43:49.867Z","updated_at":"2018-09-26T21:43:49.867Z","created_by":{"href":"/users/1"},"updated_by":{"href":"/users/1"}},{"href":"/orgs/1/labels/40","key":"loc","value":"Boston","created_at":"2018-09-19T01:15:43.776Z","updated_at":"2018-09-19T01:15:43.776Z","created_by":{"href":"/users/1"},"updated_by":{"href":"/users/1"}},{"href":"/orgs/1/labels/39","key":"app","value":"ClutchGroup-Servers","created_at":"2018-09-19T01:14:30.639Z","updated_at":"2018-09-19T01:14:30.639Z","created_by":{"href":"/users/1"},"updated_by":{"href":"/users/1"}},{"href":"/orgs/1/labels/38","key":"role","value":"Workstations","created_at":"2018-09-19T01:07:38.607Z","updated_at":"2018-09-19T01:07:38.607Z","created_by":{"href":"/users/1"},"updated_by":{"href":"/users/1"}},{"href":"/orgs/1/labels/35","key":"app","value":"Users","created_at":"2018-09-19T00:56:06.217Z","updated_at":"2018-09-19T00:56:06.217Z","created_by":{"href":"/users/1"},"updated_by":{"href":"/users/1"}},{"href":"/orgs/1/labels/34","key":"app","value":"AppX","created_at":"2018-09-06T16:16:48.379Z","updated_at":"2018-09-06T16:16:48.379Z","created_by":{"href":"/users/1"},"updated_by":{"href":"/users/1"}},{"href":"/orgs/1/labels/32","key":"loc","value":"POD2","created_at":"2018-08-04T11:35:37.656Z","updated_at":"2018-08-04T11:35:37.656Z","created_by":{"href":"/users/1"},"updated_by":{"href":"/users/1"}},{"href":"/orgs/1/labels/31","key":"loc","value":"POD1","created_at":"2018-08-04T11:35:36.187Z","updated_at":"2018-08-04T11:35:36.187Z","created_by":{"href":"/users/1"},"updated_by":{"href":"/users/1"}},{"href":"/orgs/1/labels/30","key":"env","value":"D654","created_at":"2018-08-04T11:35:34.683Z","updated_at":"2018-08-04T11:35:34.683Z","created_by":{"href":"/users/1"},"updated_by":{"href":"/users/1"}},{"href":"/orgs/1/labels/29","key":"env","value":"D321","created_at":"2018-08-04T11:35:33.217Z","updated_at":"2018-08-04T11:35:33.217Z","created_by":{"href":"/users/1"},"updated_by":{"href":"/users/1"}},{"href":"/orgs/1/labels/28","key":"env","value":"Site2","created_at":"2018-08-04T11:35:31.258Z","updated_at":"2018-08-04T11:35:31.258Z","created_by":{"href":"/users/1"},"updated_by":{"href":"/users/1"}},{"href":"/orgs/1/labels/27","key":"env","value":"D456","created_at":"2018-08-04T11:35:29.755Z","updated_at":"2018-08-04T11:35:29.755Z","created_by":{"href":"/users/1"},"updated_by":{"href":"/users/1"}},{"href":"/orgs/1/labels/26","key":"env","value":"D123","created_at":"2018-08-04T11:35:28.277Z","updated_at":"2018-08-04T11:35:28.277Z","created_by":{"href":"/users/1"},"updated_by":{"href":"/users/1"}},{"href":"/orgs/1/labels/25","key":"env","value":"Site1","created_at":"2018-08-04T11:35:26.783Z","updated_at":"2018-08-04T11:35:26.783Z","created_by":{"href":"/users/1"},"updated_by":{"href":"/users/1"}},{"href":"/orgs/1/labels/24","key":"env","value":"CORE","created_at":"2018-08-04T11:35:25.301Z","updated_at":"2018-08-04T11:35:25.301Z","created_by":{"href":"/users/1"},"updated_by":{"href":"/users/1"}},{"href":"/orgs/1/labels/23","key":"app","value":"COG","created_at":"2018-08-04T11:35:23.809Z","updated_at":"2018-08-04T11:35:23.809Z","created_by":{"href":"/users/1"},"updated_by":{"href":"/users/1"}},{"href":"/orgs/1/labels/22","key":"app","value":"Ultipro","created_at":"2018-08-04T11:35:22.309Z","updated_at":"2018-08-04T11:35:22.309Z","created_by":{"href":"/users/1"},"updated_by":{"href":"/users/1"}},{"href":"/orgs/1/labels/21","key":"app","value":"INFRA","created_at":"2018-08-04T11:35:20.841Z","updated_at":"2018-08-04T11:35:20.841Z","created_by":{"href":"/users/1"},"updated_by":{"href":"/users/1"}},{"href":"/orgs/1/labels/20","key":"role","value":"SiteServer","created_at":"2018-08-04T11:35:19.295Z","updated_at":"2018-08-04T11:35:19.295Z","created_by":{"href":"/users/1"},"updated_by":{"href":"/users/1"}},{"href":"/orgs/1/labels/19","key":"role","value":"TermServ","created_at":"2018-08-04T11:35:17.817Z","updated_at":"2018-08-04T11:35:17.817Z","created_by":{"href":"/users/1"},"updated_by":{"href":"/users/1"}},{"href":"/orgs/1/labels/18","key":"role","value":"DB","created_at":"2018-08-04T11:35:16.349Z","updated_at":"2018-08-04T11:35:16.349Z","created_by":{"href":"/users/1"},"updated_by":{"href":"/users/1"}},{"href":"/orgs/1/labels/17","key":"role","value":"AppServer","created_at":"2018-08-04T11:35:14.853Z","updated_at":"2018-08-04T11:35:14.853Z","created_by":{"href":"/users/1"},"updated_by":{"href":"/users/1"}},{"href":"/orgs/1/labels/16","key":"role","value":"NTP","created_at":"2018-08-04T11:35:11.802Z","updated_at":"2018-08-04T11:35:11.802Z","created_by":{"href":"/users/1"},"updated_by":{"href":"/users/1"}},{"href":"/orgs/1/labels/15","key":"role","value":"SYSLOG","created_at":"2018-08-04T11:35:10.234Z","updated_at":"2018-08-04T11:35:10.234Z","created_by":{"href":"/users/1"},"updated_by":{"href":"/users/1"}},{"href":"/orgs/1/labels/14","key":"role","value":"DC","created_at":"2018-08-04T11:35:08.716Z","updated_at":"2018-08-04T11:35:08.716Z","created_by":{"href":"/users/1"},"updated_by":{"href":"/users/1"}},{"href":"/orgs/1/labels/11","key":"loc","value":"Amazon","created_at":"2018-08-04T11:00:11.706Z","updated_at":"2018-08-04T11:00:11.706Z","created_by":{"href":"/users/0"},"updated_by":{"href":"/users/0"}},{"href":"/orgs/1/labels/9","key":"env","value":"Development","created_at":"2018-08-04T11:00:11.694Z","updated_at":"2018-08-04T11:00:11.694Z","created_by":{"href":"/users/0"},"updated_by":{"href":"/users/0"}},{"href":"/orgs/1/labels/8","key":"env","value":"Staging","created_at":"2018-08-04T11:00:11.687Z","updated_at":"2018-08-04T11:00:11.687Z","created_by":{"href":"/users/0"},"updated_by":{"href":"/users/0"}},{"href":"/orgs/1/labels/7","key":"env","value":"Production","created_at":"2018-08-04T11:00:11.681Z","updated_at":"2018-08-04T11:00:11.681Z","created_by":{"href":"/users/0"},"updated_by":{"href":"/users/0"}},{"href":"/orgs/1/labels/2","key":"role","value":"Database","created_at":"2018-08-04T11:00:11.650Z","updated_at":"2018-08-04T11:00:11.650Z","created_by":{"href":"/users/0"},"updated_by":{"href":"/users/0"}},{"href":"/orgs/1/labels/1","key":"role","value":"Web","created_at":"2018-08-04T11:00:11.640Z","updated_at":"2018-08-04T11:00:11.640Z","created_by":{"href":"/users/0"},"updated_by":{"href":"/users/0"}}] 
DEBUG - Build Map of HREFs with a key that uses a label's type and value eg. 'type.value': map[loc.POD1:/orgs/1/labels/31 env.D456:/orgs/1/labels/27 role.TermServ:/orgs/1/labels/19 role.SYSLOG:/orgs/1/labels/15 loc.Amazon:/orgs/1/labels/11 env.Site2:/orgs/1/labels/28 env.Site1:/orgs/1/labels/25 role.AppServer:/orgs/1/labels/17 env.Development:/orgs/1/labels/9 app.INFRA:/orgs/1/labels/21 app.NoLabel:/orgs/1/labels/142 loc.Colo:/orgs/1/labels/60 role.Win7:/orgs/1/labels/43 app.AppX:/orgs/1/labels/34 env.D321:/orgs/1/labels/29 env.CORE:/orgs/1/labels/24 app.COG:/orgs/1/labels/23 role.Win10:/orgs/1/labels/44 role.DC:/orgs/1/labels/14 app.Client:/orgs/1/labels/61 app.ClutchGroup-Servers:/orgs/1/labels/39 role.Database:/orgs/1/labels/2 role.NoLabel:/orgs/1/labels/463 loc.Boston:/orgs/1/labels/40 env.D654:/orgs/1/labels/30 role.DB:/orgs/1/labels/18 env.NoLabel:/orgs/1/labels/140 loc.POD2:/orgs/1/labels/32 role.SiteServer:/orgs/1/labels/20 role.NTP:/orgs/1/labels/16 env.Production:/orgs/1/labels/7 role.Web:/orgs/1/labels/1 loc.NoLabel:/orgs/1/labels/462 role.Win2012:/orgs/1/labels/59 role.Workstations:/orgs/1/labels/38 app.Users:/orgs/1/labels/35 env.D123:/orgs/1/labels/26 app.Ultipro:/orgs/1/labels/22 env.Staging:/orgs/1/labels/8] 
DEBUG - Skipping calls to PCE for workloads hostname and using CSV hostname file 
----------Check for Match--------
N1SUP1TS11 - Match? false - Using Regex: (dc)-(\w*)(\d+)
N1SUP1TS11 - Match? false - Using Regex: (dc)--(\w*)(\d+)
N1SUP1TS11 - Match? false - Using Regex: (h)(\d+)-(\w*)-([ds])(\d+)
N1SUP1TS11 - Match? true - Using Regex: ([EN].)([SW])([A-Z]{2})(\d)([A-Z]{2})\d+
N1SUP1TS11 - Replacement Regex: map[role:$5  app:$3  env:$2$2 loc:$1 ] - Labels: TS - UP - SS - N1
N1SUP1TS11 - Current Labels: , , ,  Replaced with: TS, UP, SS, N1
----------Check for Match--------
E1ICOGTS11 - Match? false - Using Regex: (dc)-(\w*)(\d+)
E1ICOGTS11 - Match? false - Using Regex: (dc)--(\w*)(\d+)
E1ICOGTS11 - Match? false - Using Regex: (h)(\d+)-(\w*)-([ds])(\d+)
E1ICOGTS11 - Match? false - Using Regex: ([EN].)([SW])([A-Z]{2})(\d)([A-Z]{2})\d+
E1ICOGTS11 - Match? true - Using Regex: ([EN].)([IM])([A-Z]{3})([A-Z]{2})\d+
E1ICOGTS11 - Replacement Regex: map[role:$4  app:$3  env:INFRA loc:$1 ] - Labels: TS - COG - INFRA - E1
E1ICOGTS11 - Current Labels: , , ,  Replaced with: TS, COG, INFRA, E1
----------Check for Match--------
E1WUP2TS11 - Match? false - Using Regex: (dc)-(\w*)(\d+)
E1WUP2TS11 - Match? false - Using Regex: (dc)--(\w*)(\d+)
E1WUP2TS11 - Match? false - Using Regex: (h)(\d+)-(\w*)-([ds])(\d+)
E1WUP2TS11 - Match? true - Using Regex: ([EN].)([SW])([A-Z]{2})(\d)([A-Z]{2})\d+
E1WUP2TS11 - Replacement Regex: map[role:$5  app:$3  env:$2$2 loc:$1 ] - Labels: TS - UP - WW - E1
E1WUP2TS11 - Current Labels: , , ,  Replaced with: TS, UP, WW, E1
----------Check for Match--------
E1D123SS11 - Match? false - Using Regex: (dc)-(\w*)(\d+)
E1D123SS11 - Match? false - Using Regex: (dc)--(\w*)(\d+)
E1D123SS11 - Match? false - Using Regex: (h)(\d+)-(\w*)-([ds])(\d+)
E1D123SS11 - Match? false - Using Regex: ([EN].)([SW])([A-Z]{2})(\d)([A-Z]{2})\d+
E1D123SS11 - Match? false - Using Regex: ([EN].)([IM])([A-Z]{3})([A-Z]{2})\d+
E1D123SS11 - Match? false - Using Regex: ([EN].)([M])([A-Z]{3})([A-Z]{2})\d+
E1D123SS11 - Match? false - Using Regex: (DR)(\d{2})(S)([A-Z]{3})([A-Z]{2})\d+
E1D123SS11 - Match? false - Using Regex: (D)(\d{2})(P)([A-Z]{3})([A-Z]{2})\d+
E1D123SS11 - Match? false - Using Regex: (D)(\d{2})([A-Z]{2})(\d{2})([A-Z]{2})\d+
E1D123SS11 - Match? false - Using Regex: ([A-Za-z0-9]*)(\.)([A-Za-z0-9]*)(\.)([A-Za-z0-9]*)\.\w+
E1D123SS11 - Match? false - Using Regex: (DV)(\d)(WS)(\d{2})(SSIS)
E1D123SS11 - Match? false - Using Regex: (DV)(\d)(WS)(\d{2})(SSO)
E1D123SS11 - Match? false - Using Regex: (\w*)\.(\w*)
----------Check for Match--------
E3MMSDAD11 - Match? false - Using Regex: (dc)-(\w*)(\d+)
E3MMSDAD11 - Match? false - Using Regex: (dc)--(\w*)(\d+)
E3MMSDAD11 - Match? false - Using Regex: (h)(\d+)-(\w*)-([ds])(\d+)
E3MMSDAD11 - Match? false - Using Regex: ([EN].)([SW])([A-Z]{2})(\d)([A-Z]{2})\d+
E3MMSDAD11 - Match? true - Using Regex: ([EN].)([IM])([A-Z]{3})([A-Z]{2})\d+
E3MMSDAD11 - Replacement Regex: map[loc:$1  role:$4  app:$3  env:INFRA] - Labels: AD - MSD - INFRA - E3
E3MMSDAD11 - Current Labels: , , ,  Replaced with: AD, MSD, INFRA, E3
----------Check for Match--------
D12UP01HB01 - Match? false - Using Regex: (dc)-(\w*)(\d+)
D12UP01HB01 - Match? false - Using Regex: (dc)--(\w*)(\d+)
D12UP01HB01 - Match? false - Using Regex: (h)(\d+)-(\w*)-([ds])(\d+)
D12UP01HB01 - Match? false - Using Regex: ([EN].)([SW])([A-Z]{2})(\d)([A-Z]{2})\d+
D12UP01HB01 - Match? false - Using Regex: ([EN].)([IM])([A-Z]{3})([A-Z]{2})\d+
D12UP01HB01 - Match? false - Using Regex: ([EN].)([M])([A-Z]{3})([A-Z]{2})\d+
D12UP01HB01 - Match? false - Using Regex: (DR)(\d{2})(S)([A-Z]{3})([A-Z]{2})\d+
D12UP01HB01 - Match? false - Using Regex: (D)(\d{2})(P)([A-Z]{3})([A-Z]{2})\d+
D12UP01HB01 - Match? true - Using Regex: (D)(\d{2})([A-Z]{2})(\d{2})([A-Z]{2})\d+
D12UP01HB01 - Replacement Regex: map[role:$5  app:$3  env:$4  loc:$1$2] - Labels: HB - UP - 01 - D12
D12UP01HB01 - Current Labels: , , ,  Replaced with: HB, UP, 01, D12
----------Check for Match--------
D00PGITAP01 - Match? false - Using Regex: (dc)-(\w*)(\d+)
D00PGITAP01 - Match? false - Using Regex: (dc)--(\w*)(\d+)
D00PGITAP01 - Match? false - Using Regex: (h)(\d+)-(\w*)-([ds])(\d+)
D00PGITAP01 - Match? false - Using Regex: ([EN].)([SW])([A-Z]{2})(\d)([A-Z]{2})\d+
D00PGITAP01 - Match? false - Using Regex: ([EN].)([IM])([A-Z]{3})([A-Z]{2})\d+
D00PGITAP01 - Match? false - Using Regex: ([EN].)([M])([A-Z]{3})([A-Z]{2})\d+
D00PGITAP01 - Match? false - Using Regex: (DR)(\d{2})(S)([A-Z]{3})([A-Z]{2})\d+
D00PGITAP01 - Match? true - Using Regex: (D)(\d{2})(P)([A-Z]{3})([A-Z]{2})\d+
D00PGITAP01 - Replacement Regex: map[role:$5  app:$4  env:$3  loc:$1$2] - Labels: AP - GIT - P - D00
D00PGITAP01 - Current Labels: , , ,  Replaced with: AP, GIT, P, D00
----------Check for Match--------
DR42SGITDB12 - Match? false - Using Regex: (dc)-(\w*)(\d+)
DR42SGITDB12 - Match? false - Using Regex: (dc)--(\w*)(\d+)
DR42SGITDB12 - Match? false - Using Regex: (h)(\d+)-(\w*)-([ds])(\d+)
DR42SGITDB12 - Match? false - Using Regex: ([EN].)([SW])([A-Z]{2})(\d)([A-Z]{2})\d+
DR42SGITDB12 - Match? false - Using Regex: ([EN].)([IM])([A-Z]{3})([A-Z]{2})\d+
DR42SGITDB12 - Match? false - Using Regex: ([EN].)([M])([A-Z]{3})([A-Z]{2})\d+
DR42SGITDB12 - Match? true - Using Regex: (DR)(\d{2})(S)([A-Z]{3})([A-Z]{2})\d+
DR42SGITDB12 - Replacement Regex: map[role:$5  app:$4  env:$2$2 loc:$1$2-TEST] - Labels: DB - GIT - 4242 - DR42-TEST
DR42SGITDB12 - Current Labels: , , ,  Replaced with: DB, GIT, 4242, DR42-TEST
----------Check for Match--------
DV1WS16SSIS - Match? false - Using Regex: (dc)-(\w*)(\d+)
DV1WS16SSIS - Match? false - Using Regex: (dc)--(\w*)(\d+)
DV1WS16SSIS - Match? false - Using Regex: (h)(\d+)-(\w*)-([ds])(\d+)
DV1WS16SSIS - Match? false - Using Regex: ([EN].)([SW])([A-Z]{2})(\d)([A-Z]{2})\d+
DV1WS16SSIS - Match? false - Using Regex: ([EN].)([IM])([A-Z]{3})([A-Z]{2})\d+
DV1WS16SSIS - Match? false - Using Regex: ([EN].)([M])([A-Z]{3})([A-Z]{2})\d+
DV1WS16SSIS - Match? false - Using Regex: (DR)(\d{2})(S)([A-Z]{3})([A-Z]{2})\d+
DV1WS16SSIS - Match? false - Using Regex: (D)(\d{2})(P)([A-Z]{3})([A-Z]{2})\d+
DV1WS16SSIS - Match? false - Using Regex: (D)(\d{2})([A-Z]{2})(\d{2})([A-Z]{2})\d+
DV1WS16SSIS - Match? false - Using Regex: ([A-Za-z0-9]*)(\.)([A-Za-z0-9]*)(\.)([A-Za-z0-9]*)\.\w+
DV1WS16SSIS - Match? true - Using Regex: (DV)(\d)(WS)(\d{2})(SSIS)
DV1WS16SSIS - Replacement Regex: map[role:DATABASE app:APP-$5 env:$1-DEV loc:WAP] - Labels: DATABASE - APP-SSIS - DV-DEV - WAP
DV1WS16SSIS - Current Labels: , , ,  Replaced with: DATABASE, APP-SSIS, DV-DEV, WAP
----------Check for Match--------
App.dev.cisco.com - Match? false - Using Regex: (dc)-(\w*)(\d+)
App.dev.cisco.com - Match? false - Using Regex: (dc)--(\w*)(\d+)
App.dev.cisco.com - Match? false - Using Regex: (h)(\d+)-(\w*)-([ds])(\d+)
App.dev.cisco.com - Match? false - Using Regex: ([EN].)([SW])([A-Z]{2})(\d)([A-Z]{2})\d+
App.dev.cisco.com - Match? false - Using Regex: ([EN].)([IM])([A-Z]{3})([A-Z]{2})\d+
App.dev.cisco.com - Match? false - Using Regex: ([EN].)([M])([A-Z]{3})([A-Z]{2})\d+
App.dev.cisco.com - Match? false - Using Regex: (DR)(\d{2})(S)([A-Z]{3})([A-Z]{2})\d+
App.dev.cisco.com - Match? false - Using Regex: (D)(\d{2})(P)([A-Z]{3})([A-Z]{2})\d+
App.dev.cisco.com - Match? false - Using Regex: (D)(\d{2})([A-Z]{2})(\d{2})([A-Z]{2})\d+
App.dev.cisco.com - Match? true - Using Regex: ([A-Za-z0-9]*)(\.)([A-Za-z0-9]*)(\.)([A-Za-z0-9]*)\.\w+
App.dev.cisco.com - Replacement Regex: map[role: app:$1  env:$3  loc:Cisco] - Labels:  - App - dev - Cisco
App.dev.cisco.com - Current Labels: , , ,  Replaced with: , App, dev, Cisco
INFO - hostparser - log only mode set to false 
INFO - hostparser - Illumio and Log Settings NoPCE:false {LogOnly:false LogDirectory: LogFile:workloader-hostname-log-20190709_111023.csv verbose:true}
DEBUG - hostparser - open parser file - cmd/hostname/test-files/parser-table.csv
DEBUG - Get All Labels API HTTP Request: GET https://jds-aws.poc.segmentationpov.com:8443/api/v2/orgs/1/labels 
DEBUG - Get All Labels API HTTP Reqest Header: map[Authorization:[Basic YXBpXzEzZjgyYmU5N2VkMjU3ZDgwOmRmYTNmYWZjNTJiMTY1ZDE3YTZjM2M4OWM1MjczOThmNzUzNzg3YTEwZGNhZDgzOWExYjliOTE0YzJjNWMwZmE=] Content-Type:[application/json]] 
DEBUG - Get All Labels API Response Status Code: 200 
DEBUG - Get All Labels API Response Body: 
 [{"href":"/orgs/1/labels/463","key":"role","value":"NoLabel","created_at":"2019-06-18T20:48:29.217Z","updated_at":"2019-06-18T20:48:29.217Z","created_by":{"href":"/users/1"},"updated_by":{"href":"/users/1"}},{"href":"/orgs/1/labels/462","key":"loc","value":"NoLabel","created_at":"2019-06-18T20:48:05.487Z","updated_at":"2019-06-18T20:48:05.487Z","created_by":{"href":"/users/1"},"updated_by":{"href":"/users/1"}},{"href":"/orgs/1/labels/142","key":"app","value":"NoLabel","created_at":"2019-06-16T22:03:56.123Z","updated_at":"2019-06-16T22:03:56.123Z","created_by":{"href":"/users/1"},"updated_by":{"href":"/users/1"}},{"href":"/orgs/1/labels/140","key":"env","value":"NoLabel","created_at":"2019-06-16T22:03:44.708Z","updated_at":"2019-06-16T22:03:44.708Z","created_by":{"href":"/users/1"},"updated_by":{"href":"/users/1"}},{"href":"/orgs/1/labels/61","key":"app","value":"Client","created_at":"2018-12-06T08:51:09.486Z","updated_at":"2018-12-06T08:51:09.486Z","created_by":{"href":"/users/1"},"updated_by":{"href":"/users/1"}},{"href":"/orgs/1/labels/60","key":"loc","value":"Colo","created_at":"2018-12-05T15:10:14.369Z","updated_at":"2018-12-05T15:10:14.369Z","created_by":{"href":"/users/1"},"updated_by":{"href":"/users/1"}},{"href":"/orgs/1/labels/59","key":"role","value":"Win2012","created_at":"2018-12-03T15:19:27.987Z","updated_at":"2018-12-03T15:19:27.987Z","created_by":{"href":"/users/1"},"updated_by":{"href":"/users/1"}},{"href":"/orgs/1/labels/44","key":"role","value":"Win10","created_at":"2018-09-26T21:44:04.555Z","updated_at":"2018-09-26T21:44:04.555Z","created_by":{"href":"/users/1"},"updated_by":{"href":"/users/1"}},{"href":"/orgs/1/labels/43","key":"role","value":"Win7","created_at":"2018-09-26T21:43:49.867Z","updated_at":"2018-09-26T21:43:49.867Z","created_by":{"href":"/users/1"},"updated_by":{"href":"/users/1"}},{"href":"/orgs/1/labels/40","key":"loc","value":"Boston","created_at":"2018-09-19T01:15:43.776Z","updated_at":"2018-09-19T01:15:43.776Z","created_by":{"href":"/users/1"},"updated_by":{"href":"/users/1"}},{"href":"/orgs/1/labels/39","key":"app","value":"ClutchGroup-Servers","created_at":"2018-09-19T01:14:30.639Z","updated_at":"2018-09-19T01:14:30.639Z","created_by":{"href":"/users/1"},"updated_by":{"href":"/users/1"}},{"href":"/orgs/1/labels/38","key":"role","value":"Workstations","created_at":"2018-09-19T01:07:38.607Z","updated_at":"2018-09-19T01:07:38.607Z","created_by":{"href":"/users/1"},"updated_by":{"href":"/users/1"}},{"href":"/orgs/1/labels/35","key":"app","value":"Users","created_at":"2018-09-19T00:56:06.217Z","updated_at":"2018-09-19T00:56:06.217Z","created_by":{"href":"/users/1"},"updated_by":{"href":"/users/1"}},{"href":"/orgs/1/labels/34","key":"app","value":"AppX","created_at":"2018-09-06T16:16:48.379Z","updated_at":"2018-09-06T16:16:48.379Z","created_by":{"href":"/users/1"},"updated_by":{"href":"/users/1"}},{"href":"/orgs/1/labels/32","key":"loc","value":"POD2","created_at":"2018-08-04T11:35:37.656Z","updated_at":"2018-08-04T11:35:37.656Z","created_by":{"href":"/users/1"},"updated_by":{"href":"/users/1"}},{"href":"/orgs/1/labels/31","key":"loc","value":"POD1","created_at":"2018-08-04T11:35:36.187Z","updated_at":"2018-08-04T11:35:36.187Z","created_by":{"href":"/users/1"},"updated_by":{"href":"/users/1"}},{"href":"/orgs/1/labels/30","key":"env","value":"D654","created_at":"2018-08-04T11:35:34.683Z","updated_at":"2018-08-04T11:35:34.683Z","created_by":{"href":"/users/1"},"updated_by":{"href":"/users/1"}},{"href":"/orgs/1/labels/29","key":"env","value":"D321","created_at":"2018-08-04T11:35:33.217Z","updated_at":"2018-08-04T11:35:33.217Z","created_by":{"href":"/users/1"},"updated_by":{"href":"/users/1"}},{"href":"/orgs/1/labels/28","key":"env","value":"Site2","created_at":"2018-08-04T11:35:31.258Z","updated_at":"2018-08-04T11:35:31.258Z","created_by":{"href":"/users/1"},"updated_by":{"href":"/users/1"}},{"href":"/orgs/1/labels/27","key":"env","value":"D456","created_at":"2018-08-04T11:35:29.755Z","updated_at":"2018-08-04T11:35:29.755Z","created_by":{"href":"/users/1"},"updated_by":{"href":"/users/1"}},{"href":"/orgs/1/labels/26","key":"env","value":"D123","created_at":"2018-08-04T11:35:28.277Z","updated_at":"2018-08-04T11:35:28.277Z","created_by":{"href":"/users/1"},"updated_by":{"href":"/users/1"}},{"href":"/orgs/1/labels/25","key":"env","value":"Site1","created_at":"2018-08-04T11:35:26.783Z","updated_at":"2018-08-04T11:35:26.783Z","created_by":{"href":"/users/1"},"updated_by":{"href":"/users/1"}},{"href":"/orgs/1/labels/24","key":"env","value":"CORE","created_at":"2018-08-04T11:35:25.301Z","updated_at":"2018-08-04T11:35:25.301Z","created_by":{"href":"/users/1"},"updated_by":{"href":"/users/1"}},{"href":"/orgs/1/labels/23","key":"app","value":"COG","created_at":"2018-08-04T11:35:23.809Z","updated_at":"2018-08-04T11:35:23.809Z","created_by":{"href":"/users/1"},"updated_by":{"href":"/users/1"}},{"href":"/orgs/1/labels/22","key":"app","value":"Ultipro","created_at":"2018-08-04T11:35:22.309Z","updated_at":"2018-08-04T11:35:22.309Z","created_by":{"href":"/users/1"},"updated_by":{"href":"/users/1"}},{"href":"/orgs/1/labels/21","key":"app","value":"INFRA","created_at":"2018-08-04T11:35:20.841Z","updated_at":"2018-08-04T11:35:20.841Z","created_by":{"href":"/users/1"},"updated_by":{"href":"/users/1"}},{"href":"/orgs/1/labels/20","key":"role","value":"SiteServer","created_at":"2018-08-04T11:35:19.295Z","updated_at":"2018-08-04T11:35:19.295Z","created_by":{"href":"/users/1"},"updated_by":{"href":"/users/1"}},{"href":"/orgs/1/labels/19","key":"role","value":"TermServ","created_at":"2018-08-04T11:35:17.817Z","updated_at":"2018-08-04T11:35:17.817Z","created_by":{"href":"/users/1"},"updated_by":{"href":"/users/1"}},{"href":"/orgs/1/labels/18","key":"role","value":"DB","created_at":"2018-08-04T11:35:16.349Z","updated_at":"2018-08-04T11:35:16.349Z","created_by":{"href":"/users/1"},"updated_by":{"href":"/users/1"}},{"href":"/orgs/1/labels/17","key":"role","value":"AppServer","created_at":"2018-08-04T11:35:14.853Z","updated_at":"2018-08-04T11:35:14.853Z","created_by":{"href":"/users/1"},"updated_by":{"href":"/users/1"}},{"href":"/orgs/1/labels/16","key":"role","value":"NTP","created_at":"2018-08-04T11:35:11.802Z","updated_at":"2018-08-04T11:35:11.802Z","created_by":{"href":"/users/1"},"updated_by":{"href":"/users/1"}},{"href":"/orgs/1/labels/15","key":"role","value":"SYSLOG","created_at":"2018-08-04T11:35:10.234Z","updated_at":"2018-08-04T11:35:10.234Z","created_by":{"href":"/users/1"},"updated_by":{"href":"/users/1"}},{"href":"/orgs/1/labels/14","key":"role","value":"DC","created_at":"2018-08-04T11:35:08.716Z","updated_at":"2018-08-04T11:35:08.716Z","created_by":{"href":"/users/1"},"updated_by":{"href":"/users/1"}},{"href":"/orgs/1/labels/11","key":"loc","value":"Amazon","created_at":"2018-08-04T11:00:11.706Z","updated_at":"2018-08-04T11:00:11.706Z","created_by":{"href":"/users/0"},"updated_by":{"href":"/users/0"}},{"href":"/orgs/1/labels/9","key":"env","value":"Development","created_at":"2018-08-04T11:00:11.694Z","updated_at":"2018-08-04T11:00:11.694Z","created_by":{"href":"/users/0"},"updated_by":{"href":"/users/0"}},{"href":"/orgs/1/labels/8","key":"env","value":"Staging","created_at":"2018-08-04T11:00:11.687Z","updated_at":"2018-08-04T11:00:11.687Z","created_by":{"href":"/users/0"},"updated_by":{"href":"/users/0"}},{"href":"/orgs/1/labels/7","key":"env","value":"Production","created_at":"2018-08-04T11:00:11.681Z","updated_at":"2018-08-04T11:00:11.681Z","created_by":{"href":"/users/0"},"updated_by":{"href":"/users/0"}},{"href":"/orgs/1/labels/2","key":"role","value":"Database","created_at":"2018-08-04T11:00:11.650Z","updated_at":"2018-08-04T11:00:11.650Z","created_by":{"href":"/users/0"},"updated_by":{"href":"/users/0"}},{"href":"/orgs/1/labels/1","key":"role","value":"Web","created_at":"2018-08-04T11:00:11.640Z","updated_at":"2018-08-04T11:00:11.640Z","created_by":{"href":"/users/0"},"updated_by":{"href":"/users/0"}}] 
DEBUG - Build Map of HREFs with a key that uses a label's type and value eg. 'type.value': map[env.Site2:/orgs/1/labels/28 app.COG:/orgs/1/labels/23 app.NoLabel:/orgs/1/labels/142 loc.Boston:/orgs/1/labels/40 role.Web:/orgs/1/labels/1 role.Win7:/orgs/1/labels/43 loc.POD2:/orgs/1/labels/32 env.D654:/orgs/1/labels/30 env.D456:/orgs/1/labels/27 env.Site1:/orgs/1/labels/25 role.TermServ:/orgs/1/labels/19 role.NTP:/orgs/1/labels/16 env.Development:/orgs/1/labels/9 role.NoLabel:/orgs/1/labels/463 role.Workstations:/orgs/1/labels/38 env.D123:/orgs/1/labels/26 app.Ultipro:/orgs/1/labels/22 role.SiteServer:/orgs/1/labels/20 env.Production:/orgs/1/labels/7 role.Database:/orgs/1/labels/2 role.Win2012:/orgs/1/labels/59 app.AppX:/orgs/1/labels/34 role.AppServer:/orgs/1/labels/17 role.Win10:/orgs/1/labels/44 app.INFRA:/orgs/1/labels/21 env.D321:/orgs/1/labels/29 env.CORE:/orgs/1/labels/24 loc.Amazon:/orgs/1/labels/11 app.Client:/orgs/1/labels/61 app.ClutchGroup-Servers:/orgs/1/labels/39 loc.POD1:/orgs/1/labels/31 role.SYSLOG:/orgs/1/labels/15 role.DC:/orgs/1/labels/14 loc.NoLabel:/orgs/1/labels/462 app.Users:/orgs/1/labels/35 role.DB:/orgs/1/labels/18 env.Staging:/orgs/1/labels/8 env.NoLabel:/orgs/1/labels/140 loc.Colo:/orgs/1/labels/60] 
DEBUG - Skipping calls to PCE for workloads hostname and using CSV hostname file 
----------Check for Match--------
N1SUP1TS11 - Match? false - Using Regex: (dc)-(\w*)(\d+)
N1SUP1TS11 - Match? false - Using Regex: (dc)--(\w*)(\d+)
N1SUP1TS11 - Match? false - Using Regex: (h)(\d+)-(\w*)-([ds])(\d+)
N1SUP1TS11 - Match? true - Using Regex: ([EN].)([SW])([A-Z]{2})(\d)([A-Z]{2})\d+
N1SUP1TS11 - Replacement Regex: map[role:$5  app:$3  env:$2$2 loc:$1 ] - Labels: TS - UP - SS - N1
N1SUP1TS11 - Current Labels: , , ,  Replaced with: TS, UP, SS, N1
----------Check for Match--------
E1ICOGTS11 - Match? false - Using Regex: (dc)-(\w*)(\d+)
E1ICOGTS11 - Match? false - Using Regex: (dc)--(\w*)(\d+)
E1ICOGTS11 - Match? false - Using Regex: (h)(\d+)-(\w*)-([ds])(\d+)
E1ICOGTS11 - Match? false - Using Regex: ([EN].)([SW])([A-Z]{2})(\d)([A-Z]{2})\d+
E1ICOGTS11 - Match? true - Using Regex: ([EN].)([IM])([A-Z]{3})([A-Z]{2})\d+
E1ICOGTS11 - Replacement Regex: map[app:$3  env:INFRA loc:$1  role:$4 ] - Labels: TS - COG - INFRA - E1
E1ICOGTS11 - Current Labels: , , ,  Replaced with: TS, COG, INFRA, E1
----------Check for Match--------
E1WUP2TS11 - Match? false - Using Regex: (dc)-(\w*)(\d+)
E1WUP2TS11 - Match? false - Using Regex: (dc)--(\w*)(\d+)
E1WUP2TS11 - Match? false - Using Regex: (h)(\d+)-(\w*)-([ds])(\d+)
E1WUP2TS11 - Match? true - Using Regex: ([EN].)([SW])([A-Z]{2})(\d)([A-Z]{2})\d+
E1WUP2TS11 - Replacement Regex: map[role:$5  app:$3  env:$2$2 loc:$1 ] - Labels: TS - UP - WW - E1
E1WUP2TS11 - Current Labels: , , ,  Replaced with: TS, UP, WW, E1
----------Check for Match--------
E1D123SS11 - Match? false - Using Regex: (dc)-(\w*)(\d+)
E1D123SS11 - Match? false - Using Regex: (dc)--(\w*)(\d+)
E1D123SS11 - Match? false - Using Regex: (h)(\d+)-(\w*)-([ds])(\d+)
E1D123SS11 - Match? false - Using Regex: ([EN].)([SW])([A-Z]{2})(\d)([A-Z]{2})\d+
E1D123SS11 - Match? false - Using Regex: ([EN].)([IM])([A-Z]{3})([A-Z]{2})\d+
E1D123SS11 - Match? false - Using Regex: ([EN].)([M])([A-Z]{3})([A-Z]{2})\d+
E1D123SS11 - Match? false - Using Regex: (DR)(\d{2})(S)([A-Z]{3})([A-Z]{2})\d+
E1D123SS11 - Match? false - Using Regex: (D)(\d{2})(P)([A-Z]{3})([A-Z]{2})\d+
E1D123SS11 - Match? false - Using Regex: (D)(\d{2})([A-Z]{2})(\d{2})([A-Z]{2})\d+
E1D123SS11 - Match? false - Using Regex: ([A-Za-z0-9]*)(\.)([A-Za-z0-9]*)(\.)([A-Za-z0-9]*)\.\w+
E1D123SS11 - Match? false - Using Regex: (DV)(\d)(WS)(\d{2})(SSIS)
E1D123SS11 - Match? false - Using Regex: (DV)(\d)(WS)(\d{2})(SSO)
E1D123SS11 - Match? false - Using Regex: (\w*)\.(\w*)
----------Check for Match--------
E3MMSDAD11 - Match? false - Using Regex: (dc)-(\w*)(\d+)
E3MMSDAD11 - Match? false - Using Regex: (dc)--(\w*)(\d+)
E3MMSDAD11 - Match? false - Using Regex: (h)(\d+)-(\w*)-([ds])(\d+)
E3MMSDAD11 - Match? false - Using Regex: ([EN].)([SW])([A-Z]{2})(\d)([A-Z]{2})\d+
E3MMSDAD11 - Match? true - Using Regex: ([EN].)([IM])([A-Z]{3})([A-Z]{2})\d+
E3MMSDAD11 - Replacement Regex: map[role:$4  app:$3  env:INFRA loc:$1 ] - Labels: AD - MSD - INFRA - E3
E3MMSDAD11 - Current Labels: , , ,  Replaced with: AD, MSD, INFRA, E3
----------Check for Match--------
D12UP01HB01 - Match? false - Using Regex: (dc)-(\w*)(\d+)
D12UP01HB01 - Match? false - Using Regex: (dc)--(\w*)(\d+)
D12UP01HB01 - Match? false - Using Regex: (h)(\d+)-(\w*)-([ds])(\d+)
D12UP01HB01 - Match? false - Using Regex: ([EN].)([SW])([A-Z]{2})(\d)([A-Z]{2})\d+
D12UP01HB01 - Match? false - Using Regex: ([EN].)([IM])([A-Z]{3})([A-Z]{2})\d+
D12UP01HB01 - Match? false - Using Regex: ([EN].)([M])([A-Z]{3})([A-Z]{2})\d+
D12UP01HB01 - Match? false - Using Regex: (DR)(\d{2})(S)([A-Z]{3})([A-Z]{2})\d+
D12UP01HB01 - Match? false - Using Regex: (D)(\d{2})(P)([A-Z]{3})([A-Z]{2})\d+
D12UP01HB01 - Match? true - Using Regex: (D)(\d{2})([A-Z]{2})(\d{2})([A-Z]{2})\d+
D12UP01HB01 - Replacement Regex: map[role:$5  app:$3  env:$4  loc:$1$2] - Labels: HB - UP - 01 - D12
D12UP01HB01 - Current Labels: , , ,  Replaced with: HB, UP, 01, D12
----------Check for Match--------
D00PGITAP01 - Match? false - Using Regex: (dc)-(\w*)(\d+)
D00PGITAP01 - Match? false - Using Regex: (dc)--(\w*)(\d+)
D00PGITAP01 - Match? false - Using Regex: (h)(\d+)-(\w*)-([ds])(\d+)
D00PGITAP01 - Match? false - Using Regex: ([EN].)([SW])([A-Z]{2})(\d)([A-Z]{2})\d+
D00PGITAP01 - Match? false - Using Regex: ([EN].)([IM])([A-Z]{3})([A-Z]{2})\d+
D00PGITAP01 - Match? false - Using Regex: ([EN].)([M])([A-Z]{3})([A-Z]{2})\d+
D00PGITAP01 - Match? false - Using Regex: (DR)(\d{2})(S)([A-Z]{3})([A-Z]{2})\d+
D00PGITAP01 - Match? true - Using Regex: (D)(\d{2})(P)([A-Z]{3})([A-Z]{2})\d+
D00PGITAP01 - Replacement Regex: map[env:$3  loc:$1$2 role:$5  app:$4 ] - Labels: AP - GIT - P - D00
D00PGITAP01 - Current Labels: , , ,  Replaced with: AP, GIT, P, D00
----------Check for Match--------
DR42SGITDB12 - Match? false - Using Regex: (dc)-(\w*)(\d+)
DR42SGITDB12 - Match? false - Using Regex: (dc)--(\w*)(\d+)
DR42SGITDB12 - Match? false - Using Regex: (h)(\d+)-(\w*)-([ds])(\d+)
DR42SGITDB12 - Match? false - Using Regex: ([EN].)([SW])([A-Z]{2})(\d)([A-Z]{2})\d+
DR42SGITDB12 - Match? false - Using Regex: ([EN].)([IM])([A-Z]{3})([A-Z]{2})\d+
DR42SGITDB12 - Match? false - Using Regex: ([EN].)([M])([A-Z]{3})([A-Z]{2})\d+
DR42SGITDB12 - Match? true - Using Regex: (DR)(\d{2})(S)([A-Z]{3})([A-Z]{2})\d+
DR42SGITDB12 - Replacement Regex: map[loc:$1$2-TEST role:$5  app:$4  env:$2$2] - Labels: DB - GIT - 4242 - DR42-TEST
DR42SGITDB12 - Current Labels: , , ,  Replaced with: DB, GIT, 4242, DR42-TEST
----------Check for Match--------
DV1WS16SSIS - Match? false - Using Regex: (dc)-(\w*)(\d+)
DV1WS16SSIS - Match? false - Using Regex: (dc)--(\w*)(\d+)
DV1WS16SSIS - Match? false - Using Regex: (h)(\d+)-(\w*)-([ds])(\d+)
DV1WS16SSIS - Match? false - Using Regex: ([EN].)([SW])([A-Z]{2})(\d)([A-Z]{2})\d+
DV1WS16SSIS - Match? false - Using Regex: ([EN].)([IM])([A-Z]{3})([A-Z]{2})\d+
DV1WS16SSIS - Match? false - Using Regex: ([EN].)([M])([A-Z]{3})([A-Z]{2})\d+
DV1WS16SSIS - Match? false - Using Regex: (DR)(\d{2})(S)([A-Z]{3})([A-Z]{2})\d+
DV1WS16SSIS - Match? false - Using Regex: (D)(\d{2})(P)([A-Z]{3})([A-Z]{2})\d+
DV1WS16SSIS - Match? false - Using Regex: (D)(\d{2})([A-Z]{2})(\d{2})([A-Z]{2})\d+
DV1WS16SSIS - Match? false - Using Regex: ([A-Za-z0-9]*)(\.)([A-Za-z0-9]*)(\.)([A-Za-z0-9]*)\.\w+
DV1WS16SSIS - Match? true - Using Regex: (DV)(\d)(WS)(\d{2})(SSIS)
DV1WS16SSIS - Replacement Regex: map[role:DATABASE app:APP-$5 env:$1-DEV loc:WAP] - Labels: DATABASE - APP-SSIS - DV-DEV - WAP
DV1WS16SSIS - Current Labels: , , ,  Replaced with: DATABASE, APP-SSIS, DV-DEV, WAP
----------Check for Match--------
App.dev.cisco.com - Match? false - Using Regex: (dc)-(\w*)(\d+)
App.dev.cisco.com - Match? false - Using Regex: (dc)--(\w*)(\d+)
App.dev.cisco.com - Match? false - Using Regex: (h)(\d+)-(\w*)-([ds])(\d+)
App.dev.cisco.com - Match? false - Using Regex: ([EN].)([SW])([A-Z]{2})(\d)([A-Z]{2})\d+
App.dev.cisco.com - Match? false - Using Regex: ([EN].)([IM])([A-Z]{3})([A-Z]{2})\d+
App.dev.cisco.com - Match? false - Using Regex: ([EN].)([M])([A-Z]{3})([A-Z]{2})\d+
App.dev.cisco.com - Match? false - Using Regex: (DR)(\d{2})(S)([A-Z]{3})([A-Z]{2})\d+
App.dev.cisco.com - Match? false - Using Regex: (D)(\d{2})(P)([A-Z]{3})([A-Z]{2})\d+
App.dev.cisco.com - Match? false - Using Regex: (D)(\d{2})([A-Z]{2})(\d{2})([A-Z]{2})\d+
App.dev.cisco.com - Match? true - Using Regex: ([A-Za-z0-9]*)(\.)([A-Za-z0-9]*)(\.)([A-Za-z0-9]*)\.\w+
App.dev.cisco.com - Replacement Regex: map[role: app:$1  env:$3  loc:Cisco] - Labels:  - App - dev - Cisco
App.dev.cisco.com - Current Labels: , , ,  Replaced with: , App, dev, Cisco
DEBUG - Both LogOnly is set to false and NoPCE is set to false - Creating Labels
DEBUG - Both LogOnly is set to false and NoPCE is set to false - Updating Workload Labels
bulk workload error - http status code of 406
INFO - hostparser - log only mode set to false 
INFO - hostparser - Illumio and Log Settings NoPCE:false {LogOnly:false LogDirectory: LogFile:workloader-hostname-log-20190709_111522.csv verbose:true}
DEBUG - hostparser - open parser file - cmd/hostname/test-files/parser-table.csv
DEBUG - Get All Labels API HTTP Request: GET https://jds-aws.poc.segmentationpov.com:8443/api/v2/orgs/1/labels 
DEBUG - Get All Labels API HTTP Reqest Header: map[Authorization:[Basic YXBpXzEzZjgyYmU5N2VkMjU3ZDgwOmRmYTNmYWZjNTJiMTY1ZDE3YTZjM2M4OWM1MjczOThmNzUzNzg3YTEwZGNhZDgzOWExYjliOTE0YzJjNWMwZmE=] Content-Type:[application/json]] 
DEBUG - Get All Labels API Response Status Code: 200 
DEBUG - Get All Labels API Response Body: 
 [{"href":"/orgs/1/labels/463","key":"role","value":"NoLabel","created_at":"2019-06-18T20:48:29.217Z","updated_at":"2019-06-18T20:48:29.217Z","created_by":{"href":"/users/1"},"updated_by":{"href":"/users/1"}},{"href":"/orgs/1/labels/462","key":"loc","value":"NoLabel","created_at":"2019-06-18T20:48:05.487Z","updated_at":"2019-06-18T20:48:05.487Z","created_by":{"href":"/users/1"},"updated_by":{"href":"/users/1"}},{"href":"/orgs/1/labels/142","key":"app","value":"NoLabel","created_at":"2019-06-16T22:03:56.123Z","updated_at":"2019-06-16T22:03:56.123Z","created_by":{"href":"/users/1"},"updated_by":{"href":"/users/1"}},{"href":"/orgs/1/labels/140","key":"env","value":"NoLabel","created_at":"2019-06-16T22:03:44.708Z","updated_at":"2019-06-16T22:03:44.708Z","created_by":{"href":"/users/1"},"updated_by":{"href":"/users/1"}},{"href":"/orgs/1/labels/61","key":"app","value":"Client","created_at":"2018-12-06T08:51:09.486Z","updated_at":"2018-12-06T08:51:09.486Z","created_by":{"href":"/users/1"},"updated_by":{"href":"/users/1"}},{"href":"/orgs/1/labels/60","key":"loc","value":"Colo","created_at":"2018-12-05T15:10:14.369Z","updated_at":"2018-12-05T15:10:14.369Z","created_by":{"href":"/users/1"},"updated_by":{"href":"/users/1"}},{"href":"/orgs/1/labels/59","key":"role","value":"Win2012","created_at":"2018-12-03T15:19:27.987Z","updated_at":"2018-12-03T15:19:27.987Z","created_by":{"href":"/users/1"},"updated_by":{"href":"/users/1"}},{"href":"/orgs/1/labels/44","key":"role","value":"Win10","created_at":"2018-09-26T21:44:04.555Z","updated_at":"2018-09-26T21:44:04.555Z","created_by":{"href":"/users/1"},"updated_by":{"href":"/users/1"}},{"href":"/orgs/1/labels/43","key":"role","value":"Win7","created_at":"2018-09-26T21:43:49.867Z","updated_at":"2018-09-26T21:43:49.867Z","created_by":{"href":"/users/1"},"updated_by":{"href":"/users/1"}},{"href":"/orgs/1/labels/40","key":"loc","value":"Boston","created_at":"2018-09-19T01:15:43.776Z","updated_at":"2018-09-19T01:15:43.776Z","created_by":{"href":"/users/1"},"updated_by":{"href":"/users/1"}},{"href":"/orgs/1/labels/39","key":"app","value":"ClutchGroup-Servers","created_at":"2018-09-19T01:14:30.639Z","updated_at":"2018-09-19T01:14:30.639Z","created_by":{"href":"/users/1"},"updated_by":{"href":"/users/1"}},{"href":"/orgs/1/labels/38","key":"role","value":"Workstations","created_at":"2018-09-19T01:07:38.607Z","updated_at":"2018-09-19T01:07:38.607Z","created_by":{"href":"/users/1"},"updated_by":{"href":"/users/1"}},{"href":"/orgs/1/labels/35","key":"app","value":"Users","created_at":"2018-09-19T00:56:06.217Z","updated_at":"2018-09-19T00:56:06.217Z","created_by":{"href":"/users/1"},"updated_by":{"href":"/users/1"}},{"href":"/orgs/1/labels/34","key":"app","value":"AppX","created_at":"2018-09-06T16:16:48.379Z","updated_at":"2018-09-06T16:16:48.379Z","created_by":{"href":"/users/1"},"updated_by":{"href":"/users/1"}},{"href":"/orgs/1/labels/32","key":"loc","value":"POD2","created_at":"2018-08-04T11:35:37.656Z","updated_at":"2018-08-04T11:35:37.656Z","created_by":{"href":"/users/1"},"updated_by":{"href":"/users/1"}},{"href":"/orgs/1/labels/31","key":"loc","value":"POD1","created_at":"2018-08-04T11:35:36.187Z","updated_at":"2018-08-04T11:35:36.187Z","created_by":{"href":"/users/1"},"updated_by":{"href":"/users/1"}},{"href":"/orgs/1/labels/30","key":"env","value":"D654","created_at":"2018-08-04T11:35:34.683Z","updated_at":"2018-08-04T11:35:34.683Z","created_by":{"href":"/users/1"},"updated_by":{"href":"/users/1"}},{"href":"/orgs/1/labels/29","key":"env","value":"D321","created_at":"2018-08-04T11:35:33.217Z","updated_at":"2018-08-04T11:35:33.217Z","created_by":{"href":"/users/1"},"updated_by":{"href":"/users/1"}},{"href":"/orgs/1/labels/28","key":"env","value":"Site2","created_at":"2018-08-04T11:35:31.258Z","updated_at":"2018-08-04T11:35:31.258Z","created_by":{"href":"/users/1"},"updated_by":{"href":"/users/1"}},{"href":"/orgs/1/labels/27","key":"env","value":"D456","created_at":"2018-08-04T11:35:29.755Z","updated_at":"2018-08-04T11:35:29.755Z","created_by":{"href":"/users/1"},"updated_by":{"href":"/users/1"}},{"href":"/orgs/1/labels/26","key":"env","value":"D123","created_at":"2018-08-04T11:35:28.277Z","updated_at":"2018-08-04T11:35:28.277Z","created_by":{"href":"/users/1"},"updated_by":{"href":"/users/1"}},{"href":"/orgs/1/labels/25","key":"env","value":"Site1","created_at":"2018-08-04T11:35:26.783Z","updated_at":"2018-08-04T11:35:26.783Z","created_by":{"href":"/users/1"},"updated_by":{"href":"/users/1"}},{"href":"/orgs/1/labels/24","key":"env","value":"CORE","created_at":"2018-08-04T11:35:25.301Z","updated_at":"2018-08-04T11:35:25.301Z","created_by":{"href":"/users/1"},"updated_by":{"href":"/users/1"}},{"href":"/orgs/1/labels/23","key":"app","value":"COG","created_at":"2018-08-04T11:35:23.809Z","updated_at":"2018-08-04T11:35:23.809Z","created_by":{"href":"/users/1"},"updated_by":{"href":"/users/1"}},{"href":"/orgs/1/labels/22","key":"app","value":"Ultipro","created_at":"2018-08-04T11:35:22.309Z","updated_at":"2018-08-04T11:35:22.309Z","created_by":{"href":"/users/1"},"updated_by":{"href":"/users/1"}},{"href":"/orgs/1/labels/21","key":"app","value":"INFRA","created_at":"2018-08-04T11:35:20.841Z","updated_at":"2018-08-04T11:35:20.841Z","created_by":{"href":"/users/1"},"updated_by":{"href":"/users/1"}},{"href":"/orgs/1/labels/20","key":"role","value":"SiteServer","created_at":"2018-08-04T11:35:19.295Z","updated_at":"2018-08-04T11:35:19.295Z","created_by":{"href":"/users/1"},"updated_by":{"href":"/users/1"}},{"href":"/orgs/1/labels/19","key":"role","value":"TermServ","created_at":"2018-08-04T11:35:17.817Z","updated_at":"2018-08-04T11:35:17.817Z","created_by":{"href":"/users/1"},"updated_by":{"href":"/users/1"}},{"href":"/orgs/1/labels/18","key":"role","value":"DB","created_at":"2018-08-04T11:35:16.349Z","updated_at":"2018-08-04T11:35:16.349Z","created_by":{"href":"/users/1"},"updated_by":{"href":"/users/1"}},{"href":"/orgs/1/labels/17","key":"role","value":"AppServer","created_at":"2018-08-04T11:35:14.853Z","updated_at":"2018-08-04T11:35:14.853Z","created_by":{"href":"/users/1"},"updated_by":{"href":"/users/1"}},{"href":"/orgs/1/labels/16","key":"role","value":"NTP","created_at":"2018-08-04T11:35:11.802Z","updated_at":"2018-08-04T11:35:11.802Z","created_by":{"href":"/users/1"},"updated_by":{"href":"/users/1"}},{"href":"/orgs/1/labels/15","key":"role","value":"SYSLOG","created_at":"2018-08-04T11:35:10.234Z","updated_at":"2018-08-04T11:35:10.234Z","created_by":{"href":"/users/1"},"updated_by":{"href":"/users/1"}},{"href":"/orgs/1/labels/14","key":"role","value":"DC","created_at":"2018-08-04T11:35:08.716Z","updated_at":"2018-08-04T11:35:08.716Z","created_by":{"href":"/users/1"},"updated_by":{"href":"/users/1"}},{"href":"/orgs/1/labels/11","key":"loc","value":"Amazon","created_at":"2018-08-04T11:00:11.706Z","updated_at":"2018-08-04T11:00:11.706Z","created_by":{"href":"/users/0"},"updated_by":{"href":"/users/0"}},{"href":"/orgs/1/labels/9","key":"env","value":"Development","created_at":"2018-08-04T11:00:11.694Z","updated_at":"2018-08-04T11:00:11.694Z","created_by":{"href":"/users/0"},"updated_by":{"href":"/users/0"}},{"href":"/orgs/1/labels/8","key":"env","value":"Staging","created_at":"2018-08-04T11:00:11.687Z","updated_at":"2018-08-04T11:00:11.687Z","created_by":{"href":"/users/0"},"updated_by":{"href":"/users/0"}},{"href":"/orgs/1/labels/7","key":"env","value":"Production","created_at":"2018-08-04T11:00:11.681Z","updated_at":"2018-08-04T11:00:11.681Z","created_by":{"href":"/users/0"},"updated_by":{"href":"/users/0"}},{"href":"/orgs/1/labels/2","key":"role","value":"Database","created_at":"2018-08-04T11:00:11.650Z","updated_at":"2018-08-04T11:00:11.650Z","created_by":{"href":"/users/0"},"updated_by":{"href":"/users/0"}},{"href":"/orgs/1/labels/1","key":"role","value":"Web","created_at":"2018-08-04T11:00:11.640Z","updated_at":"2018-08-04T11:00:11.640Z","created_by":{"href":"/users/0"},"updated_by":{"href":"/users/0"}}] 
DEBUG - Build Map of HREFs with a key that uses a label's type and value eg. 'type.value': map[env.D123:/orgs/1/labels/26 role.SYSLOG:/orgs/1/labels/15 role.Database:/orgs/1/labels/2 role.SiteServer:/orgs/1/labels/20 role.Web:/orgs/1/labels/1 app.NoLabel:/orgs/1/labels/142 env.NoLabel:/orgs/1/labels/140 app.Client:/orgs/1/labels/61 role.Workstations:/orgs/1/labels/38 loc.POD2:/orgs/1/labels/32 loc.NoLabel:/orgs/1/labels/462 role.TermServ:/orgs/1/labels/19 loc.Amazon:/orgs/1/labels/11 role.Win2012:/orgs/1/labels/59 role.Win10:/orgs/1/labels/44 env.D654:/orgs/1/labels/30 env.D321:/orgs/1/labels/29 app.INFRA:/orgs/1/labels/21 env.Development:/orgs/1/labels/9 app.ClutchGroup-Servers:/orgs/1/labels/39 app.Users:/orgs/1/labels/35 app.AppX:/orgs/1/labels/34 loc.POD1:/orgs/1/labels/31 app.COG:/orgs/1/labels/23 loc.Colo:/orgs/1/labels/60 env.CORE:/orgs/1/labels/24 env.Staging:/orgs/1/labels/8 env.Site2:/orgs/1/labels/28 app.Ultipro:/orgs/1/labels/22 env.Production:/orgs/1/labels/7 role.DB:/orgs/1/labels/18 role.AppServer:/orgs/1/labels/17 role.NTP:/orgs/1/labels/16 role.NoLabel:/orgs/1/labels/463 role.Win7:/orgs/1/labels/43 loc.Boston:/orgs/1/labels/40 env.D456:/orgs/1/labels/27 env.Site1:/orgs/1/labels/25 role.DC:/orgs/1/labels/14] 
DEBUG - Skipping calls to PCE for workloads hostname and using CSV hostname file 
----------Check for Match--------
N1SUP1TS11 - Match? false - Using Regex: (dc)-(\w*)(\d+)
N1SUP1TS11 - Match? false - Using Regex: (dc)--(\w*)(\d+)
N1SUP1TS11 - Match? false - Using Regex: (h)(\d+)-(\w*)-([ds])(\d+)
N1SUP1TS11 - Match? true - Using Regex: ([EN].)([SW])([A-Z]{2})(\d)([A-Z]{2})\d+
N1SUP1TS11 - Replacement Regex: map[app:$3  env:$2$2 loc:$1  role:$5 ] - Labels: TS - UP - SS - N1
N1SUP1TS11 - Current Labels: , , ,  Replaced with: TS, UP, SS, N1
----------Check for Match--------
E1ICOGTS11 - Match? false - Using Regex: (dc)-(\w*)(\d+)
E1ICOGTS11 - Match? false - Using Regex: (dc)--(\w*)(\d+)
E1ICOGTS11 - Match? false - Using Regex: (h)(\d+)-(\w*)-([ds])(\d+)
E1ICOGTS11 - Match? false - Using Regex: ([EN].)([SW])([A-Z]{2})(\d)([A-Z]{2})\d+
E1ICOGTS11 - Match? true - Using Regex: ([EN].)([IM])([A-Z]{3})([A-Z]{2})\d+
E1ICOGTS11 - Replacement Regex: map[role:$4  app:$3  env:INFRA loc:$1 ] - Labels: TS - COG - INFRA - E1
E1ICOGTS11 - Current Labels: , , ,  Replaced with: TS, COG, INFRA, E1
----------Check for Match--------
E1WUP2TS11 - Match? false - Using Regex: (dc)-(\w*)(\d+)
E1WUP2TS11 - Match? false - Using Regex: (dc)--(\w*)(\d+)
E1WUP2TS11 - Match? false - Using Regex: (h)(\d+)-(\w*)-([ds])(\d+)
E1WUP2TS11 - Match? true - Using Regex: ([EN].)([SW])([A-Z]{2})(\d)([A-Z]{2})\d+
E1WUP2TS11 - Replacement Regex: map[role:$5  app:$3  env:$2$2 loc:$1 ] - Labels: TS - UP - WW - E1
E1WUP2TS11 - Current Labels: , , ,  Replaced with: TS, UP, WW, E1
----------Check for Match--------
E1D123SS11 - Match? false - Using Regex: (dc)-(\w*)(\d+)
E1D123SS11 - Match? false - Using Regex: (dc)--(\w*)(\d+)
E1D123SS11 - Match? false - Using Regex: (h)(\d+)-(\w*)-([ds])(\d+)
E1D123SS11 - Match? false - Using Regex: ([EN].)([SW])([A-Z]{2})(\d)([A-Z]{2})\d+
E1D123SS11 - Match? false - Using Regex: ([EN].)([IM])([A-Z]{3})([A-Z]{2})\d+
E1D123SS11 - Match? false - Using Regex: ([EN].)([M])([A-Z]{3})([A-Z]{2})\d+
E1D123SS11 - Match? false - Using Regex: (DR)(\d{2})(S)([A-Z]{3})([A-Z]{2})\d+
E1D123SS11 - Match? false - Using Regex: (D)(\d{2})(P)([A-Z]{3})([A-Z]{2})\d+
E1D123SS11 - Match? false - Using Regex: (D)(\d{2})([A-Z]{2})(\d{2})([A-Z]{2})\d+
E1D123SS11 - Match? false - Using Regex: ([A-Za-z0-9]*)(\.)([A-Za-z0-9]*)(\.)([A-Za-z0-9]*)\.\w+
E1D123SS11 - Match? false - Using Regex: (DV)(\d)(WS)(\d{2})(SSIS)
E1D123SS11 - Match? false - Using Regex: (DV)(\d)(WS)(\d{2})(SSO)
E1D123SS11 - Match? false - Using Regex: (\w*)\.(\w*)
----------Check for Match--------
E3MMSDAD11 - Match? false - Using Regex: (dc)-(\w*)(\d+)
E3MMSDAD11 - Match? false - Using Regex: (dc)--(\w*)(\d+)
E3MMSDAD11 - Match? false - Using Regex: (h)(\d+)-(\w*)-([ds])(\d+)
E3MMSDAD11 - Match? false - Using Regex: ([EN].)([SW])([A-Z]{2})(\d)([A-Z]{2})\d+
E3MMSDAD11 - Match? true - Using Regex: ([EN].)([IM])([A-Z]{3})([A-Z]{2})\d+
E3MMSDAD11 - Replacement Regex: map[loc:$1  role:$4  app:$3  env:INFRA] - Labels: AD - MSD - INFRA - E3
E3MMSDAD11 - Current Labels: , , ,  Replaced with: AD, MSD, INFRA, E3
----------Check for Match--------
D12UP01HB01 - Match? false - Using Regex: (dc)-(\w*)(\d+)
D12UP01HB01 - Match? false - Using Regex: (dc)--(\w*)(\d+)
D12UP01HB01 - Match? false - Using Regex: (h)(\d+)-(\w*)-([ds])(\d+)
D12UP01HB01 - Match? false - Using Regex: ([EN].)([SW])([A-Z]{2})(\d)([A-Z]{2})\d+
D12UP01HB01 - Match? false - Using Regex: ([EN].)([IM])([A-Z]{3})([A-Z]{2})\d+
D12UP01HB01 - Match? false - Using Regex: ([EN].)([M])([A-Z]{3})([A-Z]{2})\d+
D12UP01HB01 - Match? false - Using Regex: (DR)(\d{2})(S)([A-Z]{3})([A-Z]{2})\d+
D12UP01HB01 - Match? false - Using Regex: (D)(\d{2})(P)([A-Z]{3})([A-Z]{2})\d+
D12UP01HB01 - Match? true - Using Regex: (D)(\d{2})([A-Z]{2})(\d{2})([A-Z]{2})\d+
D12UP01HB01 - Replacement Regex: map[role:$5  app:$3  env:$4  loc:$1$2] - Labels: HB - UP - 01 - D12
D12UP01HB01 - Current Labels: , , ,  Replaced with: HB, UP, 01, D12
----------Check for Match--------
D00PGITAP01 - Match? false - Using Regex: (dc)-(\w*)(\d+)
D00PGITAP01 - Match? false - Using Regex: (dc)--(\w*)(\d+)
D00PGITAP01 - Match? false - Using Regex: (h)(\d+)-(\w*)-([ds])(\d+)
D00PGITAP01 - Match? false - Using Regex: ([EN].)([SW])([A-Z]{2})(\d)([A-Z]{2})\d+
D00PGITAP01 - Match? false - Using Regex: ([EN].)([IM])([A-Z]{3})([A-Z]{2})\d+
D00PGITAP01 - Match? false - Using Regex: ([EN].)([M])([A-Z]{3})([A-Z]{2})\d+
D00PGITAP01 - Match? false - Using Regex: (DR)(\d{2})(S)([A-Z]{3})([A-Z]{2})\d+
D00PGITAP01 - Match? true - Using Regex: (D)(\d{2})(P)([A-Z]{3})([A-Z]{2})\d+
D00PGITAP01 - Replacement Regex: map[role:$5  app:$4  env:$3  loc:$1$2] - Labels: AP - GIT - P - D00
D00PGITAP01 - Current Labels: , , ,  Replaced with: AP, GIT, P, D00
----------Check for Match--------
DR42SGITDB12 - Match? false - Using Regex: (dc)-(\w*)(\d+)
DR42SGITDB12 - Match? false - Using Regex: (dc)--(\w*)(\d+)
DR42SGITDB12 - Match? false - Using Regex: (h)(\d+)-(\w*)-([ds])(\d+)
DR42SGITDB12 - Match? false - Using Regex: ([EN].)([SW])([A-Z]{2})(\d)([A-Z]{2})\d+
DR42SGITDB12 - Match? false - Using Regex: ([EN].)([IM])([A-Z]{3})([A-Z]{2})\d+
DR42SGITDB12 - Match? false - Using Regex: ([EN].)([M])([A-Z]{3})([A-Z]{2})\d+
DR42SGITDB12 - Match? true - Using Regex: (DR)(\d{2})(S)([A-Z]{3})([A-Z]{2})\d+
DR42SGITDB12 - Replacement Regex: map[role:$5  app:$4  env:$2$2 loc:$1$2-TEST] - Labels: DB - GIT - 4242 - DR42-TEST
DR42SGITDB12 - Current Labels: , , ,  Replaced with: DB, GIT, 4242, DR42-TEST
----------Check for Match--------
DV1WS16SSIS - Match? false - Using Regex: (dc)-(\w*)(\d+)
DV1WS16SSIS - Match? false - Using Regex: (dc)--(\w*)(\d+)
DV1WS16SSIS - Match? false - Using Regex: (h)(\d+)-(\w*)-([ds])(\d+)
DV1WS16SSIS - Match? false - Using Regex: ([EN].)([SW])([A-Z]{2})(\d)([A-Z]{2})\d+
DV1WS16SSIS - Match? false - Using Regex: ([EN].)([IM])([A-Z]{3})([A-Z]{2})\d+
DV1WS16SSIS - Match? false - Using Regex: ([EN].)([M])([A-Z]{3})([A-Z]{2})\d+
DV1WS16SSIS - Match? false - Using Regex: (DR)(\d{2})(S)([A-Z]{3})([A-Z]{2})\d+
DV1WS16SSIS - Match? false - Using Regex: (D)(\d{2})(P)([A-Z]{3})([A-Z]{2})\d+
DV1WS16SSIS - Match? false - Using Regex: (D)(\d{2})([A-Z]{2})(\d{2})([A-Z]{2})\d+
DV1WS16SSIS - Match? false - Using Regex: ([A-Za-z0-9]*)(\.)([A-Za-z0-9]*)(\.)([A-Za-z0-9]*)\.\w+
DV1WS16SSIS - Match? true - Using Regex: (DV)(\d)(WS)(\d{2})(SSIS)
DV1WS16SSIS - Replacement Regex: map[env:$1-DEV loc:WAP role:DATABASE app:APP-$5] - Labels: DATABASE - APP-SSIS - DV-DEV - WAP
DV1WS16SSIS - Current Labels: , , ,  Replaced with: DATABASE, APP-SSIS, DV-DEV, WAP
----------Check for Match--------
App.dev.cisco.com - Match? false - Using Regex: (dc)-(\w*)(\d+)
App.dev.cisco.com - Match? false - Using Regex: (dc)--(\w*)(\d+)
App.dev.cisco.com - Match? false - Using Regex: (h)(\d+)-(\w*)-([ds])(\d+)
App.dev.cisco.com - Match? false - Using Regex: ([EN].)([SW])([A-Z]{2})(\d)([A-Z]{2})\d+
App.dev.cisco.com - Match? false - Using Regex: ([EN].)([IM])([A-Z]{3})([A-Z]{2})\d+
App.dev.cisco.com - Match? false - Using Regex: ([EN].)([M])([A-Z]{3})([A-Z]{2})\d+
App.dev.cisco.com - Match? false - Using Regex: (DR)(\d{2})(S)([A-Z]{3})([A-Z]{2})\d+
App.dev.cisco.com - Match? false - Using Regex: (D)(\d{2})(P)([A-Z]{3})([A-Z]{2})\d+
App.dev.cisco.com - Match? false - Using Regex: (D)(\d{2})([A-Z]{2})(\d{2})([A-Z]{2})\d+
App.dev.cisco.com - Match? true - Using Regex: ([A-Za-z0-9]*)(\.)([A-Za-z0-9]*)(\.)([A-Za-z0-9]*)\.\w+
App.dev.cisco.com - Replacement Regex: map[role: app:$1  env:$3  loc:Cisco] - Labels:  - App - dev - Cisco
App.dev.cisco.com - Current Labels: , , ,  Replaced with: , App, dev, Cisco
DEBUG - Both LogOnly is set to false and NoPCE is set to false - Creating Labels
DEBUG - Exact label does not exist for DR42-TEST (loc). Creating new label... 
DEBUG - Create Label API HTTP Request: POST https://jds-aws.poc.segmentationpov.com:8443/api/v2/orgs/1/labels 
DEBUG - Create Label API HTTP Reqest Header: map[Authorization:[Basic YXBpXzEzZjgyYmU5N2VkMjU3ZDgwOmRmYTNmYWZjNTJiMTY1ZDE3YTZjM2M4OWM1MjczOThmNzUzNzg3YTEwZGNhZDgzOWExYjliOTE0YzJjNWMwZmE=] Content-Type:[application/json]] 
DEBUG - Create Label API HTTP Reqest Body: {CreatedAt: CreatedBy:<nil> Deleted:false ExternalDataReference: ExternalDataSet: Href: Key:loc UpdatedAt: UpdatedBy:<nil> Value:DR42-TEST} 
DEBUG - Create Label API for DR42-TEST (loc) Response Status Code: 201 
DEBUG - Create Label API for DR42-TEST (loc) Response Body: {"href":"/orgs/1/labels/675","key":"loc","value":"DR42-TEST","created_at":"2019-07-09T15:15:25.937Z","updated_at":"2019-07-09T15:15:25.937Z","created_by":{"href":"/users/1"},"updated_by":{"href":"/users/1"}} 
INFO - CREATED LABEL DR42-TEST (loc) with following HREF: /orgs/1/labels/675
DEBUG - Exact label does not exist for SS (env). Creating new label... 
DEBUG - Create Label API HTTP Request: POST https://jds-aws.poc.segmentationpov.com:8443/api/v2/orgs/1/labels 
DEBUG - Create Label API HTTP Reqest Header: map[Authorization:[Basic YXBpXzEzZjgyYmU5N2VkMjU3ZDgwOmRmYTNmYWZjNTJiMTY1ZDE3YTZjM2M4OWM1MjczOThmNzUzNzg3YTEwZGNhZDgzOWExYjliOTE0YzJjNWMwZmE=] Content-Type:[application/json]] 
DEBUG - Create Label API HTTP Reqest Body: {CreatedAt: CreatedBy:<nil> Deleted:false ExternalDataReference: ExternalDataSet: Href: Key:env UpdatedAt: UpdatedBy:<nil> Value:SS} 
DEBUG - Create Label API for SS (env) Response Status Code: 201 
DEBUG - Create Label API for SS (env) Response Body: {"href":"/orgs/1/labels/676","key":"env","value":"SS","created_at":"2019-07-09T15:15:26.047Z","updated_at":"2019-07-09T15:15:26.047Z","created_by":{"href":"/users/1"},"updated_by":{"href":"/users/1"}} 
INFO - CREATED LABEL SS (env) with following HREF: /orgs/1/labels/676
DEBUG - Exact label does not exist for AP (role). Creating new label... 
DEBUG - Create Label API HTTP Request: POST https://jds-aws.poc.segmentationpov.com:8443/api/v2/orgs/1/labels 
DEBUG - Create Label API HTTP Reqest Header: map[Authorization:[Basic YXBpXzEzZjgyYmU5N2VkMjU3ZDgwOmRmYTNmYWZjNTJiMTY1ZDE3YTZjM2M4OWM1MjczOThmNzUzNzg3YTEwZGNhZDgzOWExYjliOTE0YzJjNWMwZmE=] Content-Type:[application/json]] 
DEBUG - Create Label API HTTP Reqest Body: {CreatedAt: CreatedBy:<nil> Deleted:false ExternalDataReference: ExternalDataSet: Href: Key:role UpdatedAt: UpdatedBy:<nil> Value:AP} 
DEBUG - Create Label API for AP (role) Response Status Code: 201 
DEBUG - Create Label API for AP (role) Response Body: {"href":"/orgs/1/labels/677","key":"role","value":"AP","created_at":"2019-07-09T15:15:26.127Z","updated_at":"2019-07-09T15:15:26.127Z","created_by":{"href":"/users/1"},"updated_by":{"href":"/users/1"}} 
INFO - CREATED LABEL AP (role) with following HREF: /orgs/1/labels/677
DEBUG - Exact label does not exist for UP (app). Creating new label... 
DEBUG - Create Label API HTTP Request: POST https://jds-aws.poc.segmentationpov.com:8443/api/v2/orgs/1/labels 
DEBUG - Create Label API HTTP Reqest Header: map[Authorization:[Basic YXBpXzEzZjgyYmU5N2VkMjU3ZDgwOmRmYTNmYWZjNTJiMTY1ZDE3YTZjM2M4OWM1MjczOThmNzUzNzg3YTEwZGNhZDgzOWExYjliOTE0YzJjNWMwZmE=] Content-Type:[application/json]] 
DEBUG - Create Label API HTTP Reqest Body: {CreatedAt: CreatedBy:<nil> Deleted:false ExternalDataReference: ExternalDataSet: Href: Key:app UpdatedAt: UpdatedBy:<nil> Value:UP} 
DEBUG - Create Label API for UP (app) Response Status Code: 201 
DEBUG - Create Label API for UP (app) Response Body: {"href":"/orgs/1/labels/678","key":"app","value":"UP","created_at":"2019-07-09T15:15:26.194Z","updated_at":"2019-07-09T15:15:26.194Z","created_by":{"href":"/users/1"},"updated_by":{"href":"/users/1"}} 
INFO - CREATED LABEL UP (app) with following HREF: /orgs/1/labels/678
DEBUG - Both LogOnly is set to false and NoPCE is set to false - Updating Workload Labels
bulk workload error - http status code of 406
